TN:
SF:components/AddBelief.vue
FN:116,data
FN:125,(anonymous_2)
FN:128,(anonymous_3)
FN:135,beliefTypes
FN:138,hasCopyData
FN:142,node
FN:156,addReferenceSlot
FN:162,subtractReferenceSlot
FN:165,close
FN:168,pasteDetails
FN:177,submit
FNF:11
FNH:0
FNDA:0,data
FNDA:0,(anonymous_2)
FNDA:0,(anonymous_3)
FNDA:0,beliefTypes
FNDA:0,hasCopyData
FNDA:0,node
FNDA:0,addReferenceSlot
FNDA:0,subtractReferenceSlot
FNDA:0,close
FNDA:0,pasteDetails
FNDA:0,submit
DA:105,1
DA:106,1
DA:107,1
DA:108,1
DA:117,0
DA:126,0
DA:129,0
DA:136,0
DA:139,0
DA:140,0
DA:143,0
DA:144,0
DA:157,0
DA:163,0
DA:166,0
DA:169,0
DA:170,0
DA:178,0
DA:179,0
DA:180,0
LF:20
LH:4
BRDA:126,0,0,0
BRDA:126,0,1,0
BRDA:129,1,0,0
BRDA:129,1,1,0
BRF:4
BRH:0
end_of_record
TN:
SF:components/AppBackground.vue
FN:33,data
FN:39,windowDimensions
FN:48,viewBoxAttrs
FNF:3
FNH:0
FNDA:0,data
FNDA:0,windowDimensions
FNDA:0,viewBoxAttrs
DA:25,0
DA:26,0
DA:34,0
DA:40,0
DA:49,0
LF:5
LH:0
BRDA:40,0,0,0
BRDA:40,0,1,0
BRDA:49,1,0,0
BRDA:49,1,1,0
BRF:4
BRH:0
end_of_record
TN:
SF:components/AppBar.vue
FNF:0
FNH:0
DA:17,1
LF:1
LH:1
BRF:0
BRH:0
end_of_record
TN:
SF:components/BaseWidget.vue
FNF:0
FNH:0
DA:14,2
LF:1
LH:1
BRF:0
BRH:0
end_of_record
TN:
SF:components/BeliefDetails.vue
FN:130,data
FN:136,node
FN:141,getFormattedTypeAndIcon
FN:144,copyDetails
FN:154,deleteBelief
FN:158,close
FN:162,created
FN:164,(anonymous_8)
FNF:8
FNH:7
FNDA:4,data
FNDA:4,node
FNDA:12,getFormattedTypeAndIcon
FNDA:1,copyDetails
FNDA:1,deleteBelief
FNDA:1,close
FNDA:4,created
FNDA:0,(anonymous_8)
DA:91,1
DA:92,1
DA:93,1
DA:114,1
DA:131,4
DA:137,4
DA:142,12
DA:145,1
DA:156,1
DA:159,1
DA:163,4
DA:164,4
DA:165,0
LF:13
LH:12
BRF:0
BRH:0
end_of_record
TN:
SF:components/BeliefNode.vue
FN:72,data
FN:84,fullNode
FN:94,hasChildren
FN:97,circleData
FN:107,segments
FN:113,(anonymous_6)
FN:127,childrenTypeCount
FN:138,(anonymous_8)
FN:146,getTypeColour
FN:173,mounted
FNF:10
FNH:10
FNDA:2,data
FNDA:3,fullNode
FNDA:3,hasChildren
FNDA:2,circleData
FNDA:3,segments
FNDA:14,(anonymous_6)
FNDA:3,childrenTypeCount
FNDA:6,(anonymous_8)
FNDA:7,getTypeColour
FNDA:2,mounted
DA:19,2
DA:21,2
DA:56,2
DA:73,2
DA:85,3
DA:95,3
DA:98,2
DA:99,2
DA:100,2
DA:101,2
DA:108,3
DA:109,3
DA:110,3
DA:112,2
DA:113,2
DA:114,14
DA:116,4
DA:121,4
DA:125,3
DA:128,4
DA:129,2
DA:138,2
DA:139,6
DA:140,6
DA:142,2
DA:147,7
DA:175,2
LF:27
LH:27
BRDA:91,0,0,2
BRDA:91,0,1,1
BRDA:95,1,0,3
BRDA:95,1,1,3
BRDA:100,2,0,0
BRDA:100,2,1,2
BRDA:110,3,0,2
BRDA:110,3,1,1
BRDA:114,4,0,4
BRDA:114,4,1,10
BRDA:128,5,0,1
BRDA:128,5,1,2
BRF:12
BRH:11
end_of_record
TN:
SF:components/D3Tree.vue
FN:35,data
FN:55,dataset
FN:58,initialTransformStyle
FN:66,nodeStyle
FN:81,deleteNode
FN:88,(anonymous_6)
FN:99,formatDimension
FN:107,addUniqueKey
FN:123,initTransform
FN:129,buildTree
FN:134,update
FN:142,(anonymous_12)
FN:147,(anonymous_13)
FN:160,(anonymous_14)
FN:178,diagonal
FN:182,(anonymous_16)
FN:185,(anonymous_17)
FN:188,(anonymous_18)
FN:191,(anonymous_19)
FN:197,onClick
FN:210,dataset
FN:218,created
FN:221,(anonymous_23)
FN:227,mounted
FN:235,beforeDestroy
FNF:25
FNH:10
FNDA:1,data
FNDA:1,dataset
FNDA:2,initialTransformStyle
FNDA:1,nodeStyle
FNDA:0,deleteNode
FNDA:0,(anonymous_6)
FNDA:4,formatDimension
FNDA:0,addUniqueKey
FNDA:1,initTransform
FNDA:1,buildTree
FNDA:1,update
FNDA:0,(anonymous_12)
FNDA:0,(anonymous_13)
FNDA:0,(anonymous_14)
FNDA:0,diagonal
FNDA:0,(anonymous_16)
FNDA:0,(anonymous_17)
FNDA:0,(anonymous_18)
FNDA:0,(anonymous_19)
FNDA:0,onClick
FNDA:0,dataset
FNDA:1,created
FNDA:0,(anonymous_23)
FNDA:1,mounted
FNDA:0,beforeDestroy
DA:21,1
DA:22,1
DA:23,1
DA:24,1
DA:26,1
DA:27,1
DA:28,1
DA:36,1
DA:56,1
DA:59,2
DA:67,1
DA:82,0
DA:84,0
DA:88,0
DA:89,0
DA:90,0
DA:91,0
DA:92,0
DA:94,0
DA:100,8
DA:101,0
DA:102,0
DA:104,0
DA:109,0
DA:110,0
DA:111,0
DA:112,0
DA:113,0
DA:114,0
DA:116,0
DA:117,0
DA:118,0
DA:121,0
DA:124,1
DA:125,1
DA:126,1
DA:127,1
DA:130,1
DA:131,1
DA:132,1
DA:134,4
DA:135,1
DA:138,1
DA:140,1
DA:142,1
DA:143,0
DA:147,1
DA:157,0
DA:160,1
DA:165,0
DA:168,1
DA:176,1
DA:179,0
DA:182,0
DA:184,0
DA:187,0
DA:190,0
DA:193,0
DA:195,0
DA:198,0
DA:199,0
DA:200,0
DA:201,0
DA:203,0
DA:204,0
DA:206,0
DA:212,0
DA:214,0
DA:215,0
DA:219,1
DA:221,1
DA:222,0
DA:223,0
DA:228,1
DA:230,1
DA:232,1
DA:233,1
DA:236,0
LF:78
LH:34
BRDA:67,0,0,0
BRDA:67,0,1,1
BRDA:84,1,0,0
BRDA:84,1,1,0
BRDA:84,2,0,0
BRDA:84,2,1,0
BRDA:89,3,0,0
BRDA:89,3,1,0
BRDA:89,4,0,0
BRDA:89,4,1,0
BRDA:91,5,0,0
BRDA:91,5,1,0
BRDA:100,6,0,4
BRDA:100,6,1,0
BRDA:101,7,0,0
BRDA:101,7,1,0
BRDA:112,8,0,0
BRDA:112,8,1,0
BRDA:117,9,0,0
BRDA:117,9,1,0
BRDA:199,10,0,0
BRDA:199,10,1,0
BRDA:222,11,0,0
BRDA:222,11,1,0
BRDA:222,12,0,0
BRDA:222,12,1,0
BRF:26
BRH:2
end_of_record
TN:
SF:components/DonutChart.vue
FN:136,data
FN:143,hasSegments
FN:150,arcSize
FN:154,arcPoints
FN:164,onClick
FN:168,getHexColour
FN:210,describeArc
FN:223,polarToCartesian
FNF:8
FNH:8
FNDA:4,data
FNDA:6,hasSegments
FNDA:2,arcSize
FNDA:2,arcPoints
FNDA:1,onClick
FNDA:12,getHexColour
FNDA:4,describeArc
FNDA:8,polarToCartesian
DA:111,3
DA:113,3
DA:137,4
DA:144,6
DA:151,2
DA:152,2
DA:155,2
DA:156,2
DA:157,4
DA:158,4
DA:160,2
DA:165,1
DA:166,1
DA:169,12
DA:211,4
DA:212,4
DA:214,4
DA:216,4
DA:221,4
DA:224,8
DA:226,8
LF:21
LH:21
BRDA:144,0,0,6
BRDA:144,0,1,6
BRDA:214,1,0,4
BRDA:214,1,1,0
BRF:4
BRH:3
end_of_record
TN:
SF:components/FileInput.vue
FN:20,data
FN:28,processFile
FN:37,(anonymous_3)
FNF:3
FNH:2
FNDA:2,data
FNDA:1,processFile
FNDA:0,(anonymous_3)
DA:16,1
DA:21,2
DA:29,1
DA:30,0
DA:31,0
DA:33,1
DA:34,1
DA:35,1
DA:36,1
DA:37,1
DA:38,0
DA:39,0
DA:40,0
DA:41,0
DA:43,0
DA:46,1
DA:48,0
LF:17
LH:9
BRDA:29,0,0,0
BRDA:29,0,1,1
BRDA:34,1,0,1
BRDA:34,1,1,0
BRF:4
BRH:2
end_of_record
TN:
SF:components/IconRoundedSquare.vue
FN:21,rectSize
FN:27,rectRotation
FN:33,rectDepth
FN:36,styles
FN:46,getFramedValue
FN:52,mounted
FNF:6
FNH:0
FNDA:0,rectSize
FNDA:0,rectRotation
FNDA:0,rectDepth
FNDA:0,styles
FNDA:0,getFramedValue
FNDA:0,mounted
DA:15,0
DA:22,0
DA:25,0
DA:28,0
DA:31,0
DA:34,0
DA:37,0
DA:47,0
LF:8
LH:0
BRDA:47,0,0,0
BRDA:47,0,1,0
BRF:2
BRH:0
end_of_record
TN:
SF:pages/index.vue
FN:52,data
FN:64,canSave
FN:67,displayBeliefDetails
FN:70,displayAddBelief
FN:73,selectedNode
FN:81,saveTree
FN:90,exportTree
FN:96,created
FNF:8
FNH:0
FNDA:0,data
FNDA:0,canSave
FNDA:0,displayBeliefDetails
FNDA:0,displayAddBelief
FNDA:0,selectedNode
FNDA:0,saveTree
FNDA:0,exportTree
FNDA:0,created
DA:34,0
DA:35,0
DA:36,0
DA:37,0
DA:38,0
DA:39,0
DA:40,0
DA:41,0
DA:53,0
DA:65,0
DA:68,0
DA:71,0
DA:74,0
DA:82,0
DA:83,0
DA:84,0
DA:85,0
DA:87,0
DA:91,0
DA:92,0
DA:93,0
DA:97,0
DA:98,0
DA:99,0
DA:100,0
DA:101,0
LF:26
LH:0
BRDA:82,0,0,0
BRDA:82,0,1,0
BRDA:92,1,0,0
BRDA:92,1,1,0
BRDA:97,2,0,0
BRDA:97,2,1,0
BRDA:98,3,0,0
BRDA:98,3,1,0
BRDA:98,4,0,0
BRDA:98,4,1,0
BRF:10
BRH:0
end_of_record
